\BOOKMARK [0][-]{chapter.1}{1 Introduction}{}% 1
\BOOKMARK [1][-]{section.1.1}{1.1 Overview}{chapter.1}% 2
\BOOKMARK [1][-]{section.1.2}{1.2 License}{chapter.1}% 3
\BOOKMARK [1][-]{section.1.3}{1.3 Cite}{chapter.1}% 4
\BOOKMARK [1][-]{section.1.4}{1.4 Website}{chapter.1}% 5
\BOOKMARK [0][-]{chapter.2}{2 Installation}{}% 6
\BOOKMARK [1][-]{section.2.1}{2.1 Configuration}{chapter.2}% 7
\BOOKMARK [1][-]{section.2.2}{2.2 Options}{chapter.2}% 8
\BOOKMARK [1][-]{section.2.3}{2.3 Compilation}{chapter.2}% 9
\BOOKMARK [1][-]{section.2.4}{2.4 Installation}{chapter.2}% 10
\BOOKMARK [0][-]{chapter.3}{3 Basics}{}% 11
\BOOKMARK [1][-]{section.3.1}{3.1 Data Types}{chapter.3}% 12
\BOOKMARK [1][-]{section.3.2}{3.2 Matrix}{chapter.3}% 13
\BOOKMARK [2][-]{subsection.3.2.1}{3.2.1 Matrix Management}{section.3.2}% 14
\BOOKMARK [1][-]{section.3.3}{3.3 Vector}{chapter.3}% 15
\BOOKMARK [2][-]{subsection.3.3.1}{3.3.1 Vector Management}{section.3.3}% 16
\BOOKMARK [1][-]{section.3.4}{3.4 BLAS Operations}{chapter.3}% 17
\BOOKMARK [2][-]{subsection.3.4.1}{3.4.1 Vector}{section.3.4}% 18
\BOOKMARK [2][-]{subsection.3.4.2}{3.4.2 Matrix-Vector}{section.3.4}% 19
\BOOKMARK [2][-]{subsection.3.4.3}{3.4.3 Matrix-Matrix}{section.3.4}% 20
\BOOKMARK [0][-]{chapter.4}{4 AMG Solver}{}% 21
\BOOKMARK [1][-]{section.4.1}{4.1 Data Structures}{chapter.4}% 22
\BOOKMARK [1][-]{section.4.2}{4.2 Management}{chapter.4}% 23
\BOOKMARK [2][-]{subsection.4.2.1}{4.2.1 Initialize Parameters}{section.4.2}% 24
\BOOKMARK [2][-]{subsection.4.2.2}{4.2.2 Setup}{section.4.2}% 25
\BOOKMARK [2][-]{subsection.4.2.3}{4.2.3 Solve}{section.4.2}% 26
\BOOKMARK [2][-]{subsection.4.2.4}{4.2.4 Destroy}{section.4.2}% 27
\BOOKMARK [0][-]{chapter.5}{5 Utilities}{}% 28
\BOOKMARK [1][-]{section.5.1}{5.1 Print}{chapter.5}% 29
\BOOKMARK [1][-]{section.5.2}{5.2 Memory}{chapter.5}% 30
\BOOKMARK [1][-]{section.5.3}{5.3 Performance}{chapter.5}% 31
\BOOKMARK [0][-]{chapter.6}{6 How to Use}{}% 32
\BOOKMARK [1][-]{section.6.1}{6.1 Vector: Set Value}{chapter.6}% 33
\BOOKMARK [1][-]{section.6.2}{6.2 Vector: Get Value}{chapter.6}% 34
\BOOKMARK [1][-]{section.6.3}{6.3 Create a Matrix}{chapter.6}% 35
\BOOKMARK [1][-]{section.6.4}{6.4 Solver}{chapter.6}% 36
\BOOKMARK [1][-]{section.6.5}{6.5 Lower Level Interface}{chapter.6}% 37
